This is pdfTeX, Version 3.14159265-2.6-1.40.19 (MiKTeX 2.9.6840) (preloaded format=pdflatex 2018.10.16)  10 MAY 2020 01:39
entering extended mode
**./Lab4.tex
(Lab4.tex
LaTeX2e <2018-04-01> patch level 5
("C:\Program Files\MiKTeX 2.9\tex\latex\base\article.cls"
Document Class: article 2014/09/29 v1.4h Standard LaTeX document class
("C:\Program Files\MiKTeX 2.9\tex\latex\base\size10.clo"
File: size10.clo 2014/09/29 v1.4h Standard LaTeX file (size option)
)
\c@part=\count80
\c@section=\count81
\c@subsection=\count82
\c@subsubsection=\count83
\c@paragraph=\count84
\c@subparagraph=\count85
\c@figure=\count86
\c@table=\count87
\abovecaptionskip=\skip41
\belowcaptionskip=\skip42
\bibindent=\dimen102
) ("C:\Program Files\MiKTeX 2.9\tex\latex\lm\lmodern.sty"
Package: lmodern 2009/10/30 v1.6 Latin Modern Fonts
LaTeX Font Info:    Overwriting symbol font `operators' in version `normal'
(Font)                  OT1/cmr/m/n --> OT1/lmr/m/n on input line 22.
LaTeX Font Info:    Overwriting symbol font `letters' in version `normal'
(Font)                  OML/cmm/m/it --> OML/lmm/m/it on input line 23.
LaTeX Font Info:    Overwriting symbol font `symbols' in version `normal'
(Font)                  OMS/cmsy/m/n --> OMS/lmsy/m/n on input line 24.
LaTeX Font Info:    Overwriting symbol font `largesymbols' in version `normal'
(Font)                  OMX/cmex/m/n --> OMX/lmex/m/n on input line 25.
LaTeX Font Info:    Overwriting symbol font `operators' in version `bold'
(Font)                  OT1/cmr/bx/n --> OT1/lmr/bx/n on input line 26.
LaTeX Font Info:    Overwriting symbol font `letters' in version `bold'
(Font)                  OML/cmm/b/it --> OML/lmm/b/it on input line 27.
LaTeX Font Info:    Overwriting symbol font `symbols' in version `bold'
(Font)                  OMS/cmsy/b/n --> OMS/lmsy/b/n on input line 28.
LaTeX Font Info:    Overwriting symbol font `largesymbols' in version `bold'
(Font)                  OMX/cmex/m/n --> OMX/lmex/m/n on input line 29.
LaTeX Font Info:    Overwriting math alphabet `\mathbf' in version `normal'
(Font)                  OT1/cmr/bx/n --> OT1/lmr/bx/n on input line 31.
LaTeX Font Info:    Overwriting math alphabet `\mathsf' in version `normal'
(Font)                  OT1/cmss/m/n --> OT1/lmss/m/n on input line 32.
LaTeX Font Info:    Overwriting math alphabet `\mathit' in version `normal'
(Font)                  OT1/cmr/m/it --> OT1/lmr/m/it on input line 33.
LaTeX Font Info:    Overwriting math alphabet `\mathtt' in version `normal'
(Font)                  OT1/cmtt/m/n --> OT1/lmtt/m/n on input line 34.
LaTeX Font Info:    Overwriting math alphabet `\mathbf' in version `bold'
(Font)                  OT1/cmr/bx/n --> OT1/lmr/bx/n on input line 35.
LaTeX Font Info:    Overwriting math alphabet `\mathsf' in version `bold'
(Font)                  OT1/cmss/bx/n --> OT1/lmss/bx/n on input line 36.
LaTeX Font Info:    Overwriting math alphabet `\mathit' in version `bold'
(Font)                  OT1/cmr/bx/it --> OT1/lmr/bx/it on input line 37.
LaTeX Font Info:    Overwriting math alphabet `\mathtt' in version `bold'
(Font)                  OT1/cmtt/m/n --> OT1/lmtt/m/n on input line 38.
) ("C:\Program Files\MiKTeX 2.9\tex\latex\amsfonts\amssymb.sty"
Package: amssymb 2013/01/14 v3.01 AMS font symbols
("C:\Program Files\MiKTeX 2.9\tex\latex\amsfonts\amsfonts.sty"
Package: amsfonts 2013/01/14 v3.01 Basic AMSFonts support
\@emptytoks=\toks14
\symAMSa=\mathgroup4
\symAMSb=\mathgroup5
LaTeX Font Info:    Overwriting math alphabet `\mathfrak' in version `bold'
(Font)                  U/euf/m/n --> U/euf/b/n on input line 106.
)) ("C:\Program Files\MiKTeX 2.9\tex\latex\amsmath\amsmath.sty"
Package: amsmath 2017/09/02 v2.17a AMS math features
\@mathmargin=\skip43
For additional information on amsmath, use the `?' option.
("C:\Program Files\MiKTeX 2.9\tex\latex\amsmath\amstext.sty"
Package: amstext 2000/06/29 v2.01 AMS text
("C:\Program Files\MiKTeX 2.9\tex\latex\amsmath\amsgen.sty"
File: amsgen.sty 1999/11/30 v2.0 generic functions
\@emptytoks=\toks15
\ex@=\dimen103
)) ("C:\Program Files\MiKTeX 2.9\tex\latex\amsmath\amsbsy.sty"
Package: amsbsy 1999/11/29 v1.2d Bold Symbols
\pmbraise@=\dimen104
) ("C:\Program Files\MiKTeX 2.9\tex\latex\amsmath\amsopn.sty"
Package: amsopn 2016/03/08 v2.02 operator names
)
\inf@bad=\count88
LaTeX Info: Redefining \frac on input line 213.
\uproot@=\count89
\leftroot@=\count90
LaTeX Info: Redefining \overline on input line 375.
\classnum@=\count91
\DOTSCASE@=\count92
LaTeX Info: Redefining \ldots on input line 472.
LaTeX Info: Redefining \dots on input line 475.
LaTeX Info: Redefining \cdots on input line 596.
\Mathstrutbox@=\box26
\strutbox@=\box27
\big@size=\dimen105
LaTeX Font Info:    Redeclaring font encoding OML on input line 712.
LaTeX Font Info:    Redeclaring font encoding OMS on input line 713.
\macc@depth=\count93
\c@MaxMatrixCols=\count94
\dotsspace@=\muskip10
\c@parentequation=\count95
\dspbrk@lvl=\count96
\tag@help=\toks16
\row@=\count97
\column@=\count98
\maxfields@=\count99
\andhelp@=\toks17
\eqnshift@=\dimen106
\alignsep@=\dimen107
\tagshift@=\dimen108
\tagwidth@=\dimen109
\totwidth@=\dimen110
\lineht@=\dimen111
\@envbody=\toks18
\multlinegap=\skip44
\multlinetaggap=\skip45
\mathdisplay@stack=\toks19
LaTeX Info: Redefining \[ on input line 2817.
LaTeX Info: Redefining \] on input line 2818.
) ("C:\Program Files\MiKTeX 2.9\tex\generic\ifxetex\ifxetex.sty"
Package: ifxetex 2010/09/12 v0.6 Provides ifxetex conditional
) ("C:\Program Files\MiKTeX 2.9\tex\generic\oberdiek\ifluatex.sty"
Package: ifluatex 2016/05/16 v1.4 Provides the ifluatex switch (HO)
Package ifluatex Info: LuaTeX not detected.
) ("C:\Program Files\MiKTeX 2.9\tex\latex\base\fixltx2e.sty"
Package: fixltx2e 2016/12/29 v2.1a fixes to LaTeX (obsolete)
Applying: [2015/01/01] Old fixltx2e package on input line 46.

Package fixltx2e Warning: fixltx2e is not required with releases after 2015
(fixltx2e)                All fixes are now in the LaTeX kernel.
(fixltx2e)                See the latexrelease package for details.

Already applied: [0000/00/00] Old fixltx2e package on input line 53.
) ("C:\Program Files\MiKTeX 2.9\tex\latex\base\fontenc.sty"
Package: fontenc 2017/04/05 v2.0i Standard LaTeX package
("C:\Program Files\MiKTeX 2.9\tex\latex\base\t1enc.def"
File: t1enc.def 2017/04/05 v2.0i Standard LaTeX file
LaTeX Font Info:    Redeclaring font encoding T1 on input line 48.
)) ("C:\Program Files\MiKTeX 2.9\tex\latex\base\inputenc.sty"
Package: inputenc 2018/04/06 v1.3b Input encoding file
\inpenc@prehook=\toks20
\inpenc@posthook=\toks21
) ("C:\Program Files\MiKTeX 2.9\tex\latex\upquote\upquote.sty"
Package: upquote 2012/04/19 v1.3 upright-quote and grave-accent glyphs in verba
tim
("C:\Program Files\MiKTeX 2.9\tex\latex\base\textcomp.sty"
Package: textcomp 2017/04/05 v2.0i Standard LaTeX package
Package textcomp Info: Sub-encoding information:
(textcomp)               5 = only ISO-Adobe without \textcurrency
(textcomp)               4 = 5 + \texteuro
(textcomp)               3 = 4 + \textohm
(textcomp)               2 = 3 + \textestimated + \textcurrency
(textcomp)               1 = TS1 - \textcircled - \t
(textcomp)               0 = TS1 (full)
(textcomp)             Font families with sub-encoding setting implement
(textcomp)             only a restricted character set as indicated.
(textcomp)             Family '?' is the default used for unknown fonts.
(textcomp)             See the documentation for details.
Package textcomp Info: Setting ? sub-encoding to TS1/1 on input line 79.
("C:\Program Files\MiKTeX 2.9\tex\latex\base\ts1enc.def"
File: ts1enc.def 2001/06/05 v3.0e (jk/car/fm) Standard LaTeX file
Now handling font encoding TS1 ...
... processing UTF-8 mapping file for font encoding TS1
("C:\Program Files\MiKTeX 2.9\tex\latex\base\ts1enc.dfu"
File: ts1enc.dfu 2018/04/05 v1.2c UTF-8 support for inputenc
   defining Unicode char U+00A2 (decimal 162)
   defining Unicode char U+00A3 (decimal 163)
   defining Unicode char U+00A4 (decimal 164)
   defining Unicode char U+00A5 (decimal 165)
   defining Unicode char U+00A6 (decimal 166)
   defining Unicode char U+00A7 (decimal 167)
   defining Unicode char U+00A8 (decimal 168)
   defining Unicode char U+00A9 (decimal 169)
   defining Unicode char U+00AA (decimal 170)
   defining Unicode char U+00AC (decimal 172)
   defining Unicode char U+00AE (decimal 174)
   defining Unicode char U+00AF (decimal 175)
   defining Unicode char U+00B0 (decimal 176)
   defining Unicode char U+00B1 (decimal 177)
   defining Unicode char U+00B2 (decimal 178)
   defining Unicode char U+00B3 (decimal 179)
   defining Unicode char U+00B4 (decimal 180)
   defining Unicode char U+00B5 (decimal 181)
   defining Unicode char U+00B6 (decimal 182)
   defining Unicode char U+00B7 (decimal 183)
   defining Unicode char U+00B9 (decimal 185)
   defining Unicode char U+00BA (decimal 186)
   defining Unicode char U+00BC (decimal 188)
   defining Unicode char U+00BD (decimal 189)
   defining Unicode char U+00BE (decimal 190)
   defining Unicode char U+00D7 (decimal 215)
   defining Unicode char U+00F7 (decimal 247)
   defining Unicode char U+0192 (decimal 402)
   defining Unicode char U+02C7 (decimal 711)
   defining Unicode char U+02D8 (decimal 728)
   defining Unicode char U+02DD (decimal 733)
   defining Unicode char U+0E3F (decimal 3647)
   defining Unicode char U+2016 (decimal 8214)
   defining Unicode char U+2020 (decimal 8224)
   defining Unicode char U+2021 (decimal 8225)
   defining Unicode char U+2022 (decimal 8226)
   defining Unicode char U+2030 (decimal 8240)
   defining Unicode char U+2031 (decimal 8241)
   defining Unicode char U+203B (decimal 8251)
   defining Unicode char U+203D (decimal 8253)
   defining Unicode char U+2044 (decimal 8260)
   defining Unicode char U+204E (decimal 8270)
   defining Unicode char U+2052 (decimal 8274)
   defining Unicode char U+20A1 (decimal 8353)
   defining Unicode char U+20A4 (decimal 8356)
   defining Unicode char U+20A6 (decimal 8358)
   defining Unicode char U+20A9 (decimal 8361)
   defining Unicode char U+20AB (decimal 8363)
   defining Unicode char U+20AC (decimal 8364)
   defining Unicode char U+20B1 (decimal 8369)
   defining Unicode char U+2103 (decimal 8451)
   defining Unicode char U+2116 (decimal 8470)
   defining Unicode char U+2117 (decimal 8471)
   defining Unicode char U+211E (decimal 8478)
   defining Unicode char U+2120 (decimal 8480)
   defining Unicode char U+2122 (decimal 8482)
   defining Unicode char U+2126 (decimal 8486)
   defining Unicode char U+2127 (decimal 8487)
   defining Unicode char U+212E (decimal 8494)
   defining Unicode char U+2190 (decimal 8592)
   defining Unicode char U+2191 (decimal 8593)
   defining Unicode char U+2192 (decimal 8594)
   defining Unicode char U+2193 (decimal 8595)
   defining Unicode char U+2329 (decimal 9001)
   defining Unicode char U+232A (decimal 9002)
   defining Unicode char U+2422 (decimal 9250)
   defining Unicode char U+25E6 (decimal 9702)
   defining Unicode char U+25EF (decimal 9711)
   defining Unicode char U+266A (decimal 9834)
   defining Unicode char U+FEFF (decimal 65279)
))
LaTeX Info: Redefining \oldstylenums on input line 334.
Package textcomp Info: Setting cmr sub-encoding to TS1/0 on input line 349.
Package textcomp Info: Setting cmss sub-encoding to TS1/0 on input line 350.
Package textcomp Info: Setting cmtt sub-encoding to TS1/0 on input line 351.
Package textcomp Info: Setting cmvtt sub-encoding to TS1/0 on input line 352.
Package textcomp Info: Setting cmbr sub-encoding to TS1/0 on input line 353.
Package textcomp Info: Setting cmtl sub-encoding to TS1/0 on input line 354.
Package textcomp Info: Setting ccr sub-encoding to TS1/0 on input line 355.
Package textcomp Info: Setting ptm sub-encoding to TS1/4 on input line 356.
Package textcomp Info: Setting pcr sub-encoding to TS1/4 on input line 357.
Package textcomp Info: Setting phv sub-encoding to TS1/4 on input line 358.
Package textcomp Info: Setting ppl sub-encoding to TS1/3 on input line 359.
Package textcomp Info: Setting pag sub-encoding to TS1/4 on input line 360.
Package textcomp Info: Setting pbk sub-encoding to TS1/4 on input line 361.
Package textcomp Info: Setting pnc sub-encoding to TS1/4 on input line 362.
Package textcomp Info: Setting pzc sub-encoding to TS1/4 on input line 363.
Package textcomp Info: Setting bch sub-encoding to TS1/4 on input line 364.
Package textcomp Info: Setting put sub-encoding to TS1/5 on input line 365.
Package textcomp Info: Setting uag sub-encoding to TS1/5 on input line 366.
Package textcomp Info: Setting ugq sub-encoding to TS1/5 on input line 367.
Package textcomp Info: Setting ul8 sub-encoding to TS1/4 on input line 368.
Package textcomp Info: Setting ul9 sub-encoding to TS1/4 on input line 369.
Package textcomp Info: Setting augie sub-encoding to TS1/5 on input line 370.
Package textcomp Info: Setting dayrom sub-encoding to TS1/3 on input line 371.
Package textcomp Info: Setting dayroms sub-encoding to TS1/3 on input line 372.

Package textcomp Info: Setting pxr sub-encoding to TS1/0 on input line 373.
Package textcomp Info: Setting pxss sub-encoding to TS1/0 on input line 374.
Package textcomp Info: Setting pxtt sub-encoding to TS1/0 on input line 375.
Package textcomp Info: Setting txr sub-encoding to TS1/0 on input line 376.
Package textcomp Info: Setting txss sub-encoding to TS1/0 on input line 377.
Package textcomp Info: Setting txtt sub-encoding to TS1/0 on input line 378.
Package textcomp Info: Setting lmr sub-encoding to TS1/0 on input line 379.
Package textcomp Info: Setting lmdh sub-encoding to TS1/0 on input line 380.
Package textcomp Info: Setting lmss sub-encoding to TS1/0 on input line 381.
Package textcomp Info: Setting lmssq sub-encoding to TS1/0 on input line 382.
Package textcomp Info: Setting lmvtt sub-encoding to TS1/0 on input line 383.
Package textcomp Info: Setting lmtt sub-encoding to TS1/0 on input line 384.
Package textcomp Info: Setting qhv sub-encoding to TS1/0 on input line 385.
Package textcomp Info: Setting qag sub-encoding to TS1/0 on input line 386.
Package textcomp Info: Setting qbk sub-encoding to TS1/0 on input line 387.
Package textcomp Info: Setting qcr sub-encoding to TS1/0 on input line 388.
Package textcomp Info: Setting qcs sub-encoding to TS1/0 on input line 389.
Package textcomp Info: Setting qpl sub-encoding to TS1/0 on input line 390.
Package textcomp Info: Setting qtm sub-encoding to TS1/0 on input line 391.
Package textcomp Info: Setting qzc sub-encoding to TS1/0 on input line 392.
Package textcomp Info: Setting qhvc sub-encoding to TS1/0 on input line 393.
Package textcomp Info: Setting futs sub-encoding to TS1/4 on input line 394.
Package textcomp Info: Setting futx sub-encoding to TS1/4 on input line 395.
Package textcomp Info: Setting futj sub-encoding to TS1/4 on input line 396.
Package textcomp Info: Setting hlh sub-encoding to TS1/3 on input line 397.
Package textcomp Info: Setting hls sub-encoding to TS1/3 on input line 398.
Package textcomp Info: Setting hlst sub-encoding to TS1/3 on input line 399.
Package textcomp Info: Setting hlct sub-encoding to TS1/5 on input line 400.
Package textcomp Info: Setting hlx sub-encoding to TS1/5 on input line 401.
Package textcomp Info: Setting hlce sub-encoding to TS1/5 on input line 402.
Package textcomp Info: Setting hlcn sub-encoding to TS1/5 on input line 403.
Package textcomp Info: Setting hlcw sub-encoding to TS1/5 on input line 404.
Package textcomp Info: Setting hlcf sub-encoding to TS1/5 on input line 405.
Package textcomp Info: Setting pplx sub-encoding to TS1/3 on input line 406.
Package textcomp Info: Setting pplj sub-encoding to TS1/3 on input line 407.
Package textcomp Info: Setting ptmx sub-encoding to TS1/4 on input line 408.
Package textcomp Info: Setting ptmj sub-encoding to TS1/4 on input line 409.
)) ("C:\Program Files\MiKTeX 2.9\tex\latex\microtype\microtype.sty"
Package: microtype 2018/01/14 v2.7a Micro-typographical refinements (RS)
("C:\Program Files\MiKTeX 2.9\tex\latex\graphics\keyval.sty"
Package: keyval 2014/10/28 v1.15 key=value parser (DPC)
\KV@toks@=\toks22
)
\MT@toks=\toks23
\MT@count=\count100
LaTeX Info: Redefining \textls on input line 793.
\MT@outer@kern=\dimen112
LaTeX Info: Redefining \textmicrotypecontext on input line 1339.
\MT@listname@count=\count101
("C:\Program Files\MiKTeX 2.9\tex\latex\microtype\microtype-pdftex.def"
File: microtype-pdftex.def 2018/01/14 v2.7a Definitions specific to pdftex (RS)

LaTeX Info: Redefining \lsstyle on input line 913.
LaTeX Info: Redefining \lslig on input line 913.
\MT@outer@space=\skip46
)
Package microtype Info: Loading configuration file microtype.cfg.
("C:\Program Files\MiKTeX 2.9\tex\latex\microtype\microtype.cfg"
File: microtype.cfg 2018/01/14 v2.7a microtype main configuration file (RS)
)) ("C:\Program Files\MiKTeX 2.9\tex\latex\hyperref\hyperref.sty"
Package: hyperref 2018/09/30 v6.88a Hypertext links for LaTeX
("C:\Program Files\MiKTeX 2.9\tex\generic\oberdiek\hobsub-hyperref.sty"
Package: hobsub-hyperref 2016/05/16 v1.14 Bundle oberdiek, subset hyperref (HO)

("C:\Program Files\MiKTeX 2.9\tex\generic\oberdiek\hobsub-generic.sty"
Package: hobsub-generic 2016/05/16 v1.14 Bundle oberdiek, subset generic (HO)
Package: hobsub 2016/05/16 v1.14 Construct package bundles (HO)
Package: infwarerr 2016/05/16 v1.4 Providing info/warning/error messages (HO)
Package: ltxcmds 2016/05/16 v1.23 LaTeX kernel commands for general use (HO)
Package hobsub Info: Skipping package `ifluatex' (already loaded).
Package: ifvtex 2016/05/16 v1.6 Detect VTeX and its facilities (HO)
Package ifvtex Info: VTeX not detected.
Package: intcalc 2016/05/16 v1.2 Expandable calculations with integers (HO)
Package: ifpdf 2018/09/07 v3.3 Provides the ifpdf switch
Package: etexcmds 2016/05/16 v1.6 Avoid name clashes with e-TeX commands (HO)
Package etexcmds Info: Could not find \expanded.
(etexcmds)             That can mean that you are not using pdfTeX 1.50 or
(etexcmds)             that some package has redefined \expanded.
(etexcmds)             In the latter case, load this package earlier.
Package: kvsetkeys 2016/05/16 v1.17 Key value parser (HO)
Package: kvdefinekeys 2016/05/16 v1.4 Define keys (HO)
Package: pdftexcmds 2018/09/10 v0.29 Utility functions of pdfTeX for LuaTeX (HO
)
Package pdftexcmds Info: LuaTeX not detected.
Package pdftexcmds Info: \pdf@primitive is available.
Package pdftexcmds Info: \pdf@ifprimitive is available.
Package pdftexcmds Info: \pdfdraftmode found.
Package: pdfescape 2016/05/16 v1.14 Implements pdfTeX's escape features (HO)
Package: bigintcalc 2016/05/16 v1.4 Expandable calculations on big integers (HO
)
Package: bitset 2016/05/16 v1.2 Handle bit-vector datatype (HO)
Package: uniquecounter 2016/05/16 v1.3 Provide unlimited unique counter (HO)
)
Package hobsub Info: Skipping package `hobsub' (already loaded).
Package: letltxmacro 2016/05/16 v1.5 Let assignment for LaTeX macros (HO)
Package: hopatch 2016/05/16 v1.3 Wrapper for package hooks (HO)
Package: xcolor-patch 2016/05/16 xcolor patch
Package: atveryend 2016/05/16 v1.9 Hooks at the very end of document (HO)
Package atveryend Info: \enddocument detected (standard20110627).
Package: atbegshi 2016/06/09 v1.18 At begin shipout hook (HO)
Package: refcount 2016/05/16 v3.5 Data extraction from label references (HO)
Package: hycolor 2016/05/16 v1.8 Color options for hyperref/bookmark (HO)
) ("C:\Program Files\MiKTeX 2.9\tex\latex\oberdiek\auxhook.sty"
Package: auxhook 2016/05/16 v1.4 Hooks for auxiliary files (HO)
) ("C:\Program Files\MiKTeX 2.9\tex\latex\oberdiek\kvoptions.sty"
Package: kvoptions 2016/05/16 v3.12 Key value format for package options (HO)
)
\@linkdim=\dimen113
\Hy@linkcounter=\count102
\Hy@pagecounter=\count103
("C:\Program Files\MiKTeX 2.9\tex\latex\hyperref\pd1enc.def"
File: pd1enc.def 2018/09/30 v6.88a Hyperref: PDFDocEncoding definition (HO)
Now handling font encoding PD1 ...
... no UTF-8 mapping file for font encoding PD1
)
\Hy@SavedSpaceFactor=\count104
("C:\Program Files\MiKTeX 2.9\tex\latex\00miktex\hyperref.cfg"
File: hyperref.cfg 2002/06/06 v1.2 hyperref configuration of TeXLive
)
Package hyperref Info: Option `unicode' set `true' on input line 4409.
("C:\Program Files\MiKTeX 2.9\tex\latex\hyperref\puenc.def"
File: puenc.def 2018/09/30 v6.88a Hyperref: PDF Unicode definition (HO)
Now handling font encoding PU ...
... no UTF-8 mapping file for font encoding PU
)
Package hyperref Info: Hyper figures OFF on input line 4535.
Package hyperref Info: Link nesting OFF on input line 4540.
Package hyperref Info: Hyper index ON on input line 4543.
Package hyperref Info: Plain pages OFF on input line 4550.
Package hyperref Info: Backreferencing OFF on input line 4555.
Package hyperref Info: Implicit mode ON; LaTeX internals redefined.
Package hyperref Info: Bookmarks ON on input line 4788.
\c@Hy@tempcnt=\count105
("C:\Program Files\MiKTeX 2.9\tex\latex\url\url.sty"
\Urlmuskip=\muskip11
Package: url 2013/09/16  ver 3.4  Verb mode for urls, etc.
)
LaTeX Info: Redefining \url on input line 5141.
\XeTeXLinkMargin=\dimen114
\Fld@menulength=\count106
\Field@Width=\dimen115
\Fld@charsize=\dimen116
Package hyperref Info: Hyper figures OFF on input line 6396.
Package hyperref Info: Link nesting OFF on input line 6401.
Package hyperref Info: Hyper index ON on input line 6404.
Package hyperref Info: backreferencing OFF on input line 6411.
Package hyperref Info: Link coloring OFF on input line 6416.
Package hyperref Info: Link coloring with OCG OFF on input line 6421.
Package hyperref Info: PDF/A mode OFF on input line 6426.
LaTeX Info: Redefining \ref on input line 6466.
LaTeX Info: Redefining \pageref on input line 6470.
\Hy@abspage=\count107
\c@Item=\count108
\c@Hfootnote=\count109
)
Package hyperref Info: Driver (autodetected): hpdftex.
("C:\Program Files\MiKTeX 2.9\tex\latex\hyperref\hpdftex.def"
File: hpdftex.def 2018/09/30 v6.88a Hyperref driver for pdfTeX
\Fld@listcount=\count110
\c@bookmark@seq@number=\count111
("C:\Program Files\MiKTeX 2.9\tex\latex\oberdiek\rerunfilecheck.sty"
Package: rerunfilecheck 2016/05/16 v1.8 Rerun checks for auxiliary files (HO)
Package uniquecounter Info: New unique counter `rerunfilecheck' on input line 2
82.
)
\Hy@SectionHShift=\skip47
)
Package hyperref Info: Option `breaklinks' set `true' on input line 30.
("C:\Program Files\MiKTeX 2.9\tex\latex\geometry\geometry.sty"
Package: geometry 2018/04/16 v5.8 Page Geometry
\Gm@cnth=\count112
\Gm@cntv=\count113
\c@Gm@tempcnt=\count114
\Gm@bindingoffset=\dimen117
\Gm@wd@mp=\dimen118
\Gm@odd@mp=\dimen119
\Gm@even@mp=\dimen120
\Gm@layoutwidth=\dimen121
\Gm@layoutheight=\dimen122
\Gm@layouthoffset=\dimen123
\Gm@layoutvoffset=\dimen124
\Gm@dimlist=\toks24
("C:\Program Files\MiKTeX 2.9\tex\latex\geometry\geometry.cfg")) ("C:\Program F
iles\MiKTeX 2.9\tex\latex\graphics\color.sty"
Package: color 2016/07/10 v1.1e Standard LaTeX Color (DPC)
("C:\Program Files\MiKTeX 2.9\tex\latex\graphics-cfg\color.cfg"
File: color.cfg 2016/01/02 v1.6 sample color configuration
)
Package color Info: Driver file: pdftex.def on input line 147.
("C:\Program Files\MiKTeX 2.9\tex\latex\graphics-def\pdftex.def"
File: pdftex.def 2018/01/08 v1.0l Graphics/color driver for pdftex
)) ("C:\Program Files\MiKTeX 2.9\tex\latex\fancyvrb\fancyvrb.sty"
Package: fancyvrb 2008/02/07

Style option: `fancyvrb' v2.7a, with DG/SPQR fixes, and firstline=lastline fix 
<2008/02/07> (tvz)
\FV@CodeLineNo=\count115
\FV@InFile=\read1
\FV@TabBox=\box28
\c@FancyVerbLine=\count116
\FV@StepNumber=\count117
\FV@OutFile=\write3
) ("C:\Program Files\MiKTeX 2.9\tex\latex\framed\framed.sty"
Package: framed 2011/10/22 v 0.96: framed or shaded text with page breaks
\OuterFrameSep=\skip48
\fb@frw=\dimen125
\fb@frh=\dimen126
\FrameRule=\dimen127
\FrameSep=\dimen128
) ("C:\Program Files\MiKTeX 2.9\tex\latex\graphics\graphicx.sty"
Package: graphicx 2017/06/01 v1.1a Enhanced LaTeX Graphics (DPC,SPQR)
("C:\Program Files\MiKTeX 2.9\tex\latex\graphics\graphics.sty"
Package: graphics 2017/06/25 v1.2c Standard LaTeX Graphics (DPC,SPQR)
("C:\Program Files\MiKTeX 2.9\tex\latex\graphics\trig.sty"
Package: trig 2016/01/03 v1.10 sin cos tan (DPC)
) ("C:\Program Files\MiKTeX 2.9\tex\latex\graphics-cfg\graphics.cfg"
File: graphics.cfg 2016/06/04 v1.11 sample graphics configuration
)
Package graphics Info: Driver file: pdftex.def on input line 99.
)
\Gin@req@height=\dimen129
\Gin@req@width=\dimen130
) ("C:\Program Files\MiKTeX 2.9\tex\latex\oberdiek\grffile.sty"
Package: grffile 2017/06/30 v1.18 Extended file name support for graphics (HO)
Package grffile Info: Option `multidot' is set to `true'.
Package grffile Info: Option `extendedchars' is set to `false'.
Package grffile Info: Option `space' is set to `true'.
Package grffile Info: \Gin@ii of package `graphicx' fixed on input line 494.
) ("C:\Program Files\MiKTeX 2.9\tex\latex\parskip\parskip.sty"
Package: parskip 2018-08-24 v2.0a non-zero parskip adjustments
("C:\Program Files\MiKTeX 2.9\tex\latex\etoolbox\etoolbox.sty"
Package: etoolbox 2018/08/19 v2.5f e-TeX tools for LaTeX (JAW)
\etb@tempcnta=\count118
)) (Lab4.aux)
\openout1 = `Lab4.aux'.

LaTeX Font Info:    Checking defaults for OML/cmm/m/it on input line 112.
LaTeX Font Info:    ... okay on input line 112.
LaTeX Font Info:    Checking defaults for T1/cmr/m/n on input line 112.
LaTeX Font Info:    ... okay on input line 112.
LaTeX Font Info:    Checking defaults for OT1/cmr/m/n on input line 112.
LaTeX Font Info:    ... okay on input line 112.
LaTeX Font Info:    Checking defaults for OMS/cmsy/m/n on input line 112.
LaTeX Font Info:    ... okay on input line 112.
LaTeX Font Info:    Checking defaults for OMX/cmex/m/n on input line 112.
LaTeX Font Info:    ... okay on input line 112.
LaTeX Font Info:    Checking defaults for U/cmr/m/n on input line 112.
LaTeX Font Info:    ... okay on input line 112.
LaTeX Font Info:    Checking defaults for TS1/cmr/m/n on input line 112.
LaTeX Font Info:    Try loading font information for TS1+cmr on input line 112.

("C:\Program Files\MiKTeX 2.9\tex\latex\base\ts1cmr.fd"
File: ts1cmr.fd 2014/09/29 v2.5h Standard LaTeX font definitions
)
LaTeX Font Info:    ... okay on input line 112.
LaTeX Font Info:    Checking defaults for PD1/pdf/m/n on input line 112.
LaTeX Font Info:    ... okay on input line 112.
LaTeX Font Info:    Checking defaults for PU/pdf/m/n on input line 112.
LaTeX Font Info:    ... okay on input line 112.
LaTeX Font Info:    Try loading font information for T1+lmr on input line 112.
("C:\Program Files\MiKTeX 2.9\tex\latex\lm\t1lmr.fd"
File: t1lmr.fd 2009/10/30 v1.6 Font defs for Latin Modern
)
LaTeX Info: Redefining \microtypecontext on input line 112.
Package microtype Info: Generating PDF output.
Package microtype Info: Character protrusion enabled (level 2).
Package microtype Info: Using protrusion set `basicmath'.
Package microtype Info: Automatic font expansion enabled (level 2),
(microtype)             stretch: 20, shrink: 20, step: 1, non-selected.
Package microtype Info: Using default expansion set `basictext'.
Package microtype Info: No adjustment of tracking.
Package microtype Info: No adjustment of interword spacing.
Package microtype Info: No adjustment of character kerning.
("C:\Program Files\MiKTeX 2.9\tex\latex\microtype\mt-cmr.cfg"
File: mt-cmr.cfg 2013/05/19 v2.2 microtype config. file: Computer Modern Roman 
(RS)
)
\AtBeginShipoutBox=\box29
Package hyperref Info: Link coloring OFF on input line 112.
("C:\Program Files\MiKTeX 2.9\tex\latex\hyperref\nameref.sty"
Package: nameref 2016/05/21 v2.44 Cross-referencing by name of section
("C:\Program Files\MiKTeX 2.9\tex\generic\oberdiek\gettitlestring.sty"
Package: gettitlestring 2016/05/16 v1.5 Cleanup title references (HO)
)
\c@section@level=\count119
)
LaTeX Info: Redefining \ref on input line 112.
LaTeX Info: Redefining \pageref on input line 112.
LaTeX Info: Redefining \nameref on input line 112.
(Lab4.out) (Lab4.out)
\@outlinefile=\write4
\openout4 = `Lab4.out'.

*geometry* driver: auto-detecting
*geometry* detected driver: pdftex
*geometry* verbose mode - [ preamble ] result:
* driver: pdftex
* paper: <default>
* layout: <same size as paper>
* layoutoffset:(h,v)=(0.0pt,0.0pt)
* modes: 
* h-part:(L,W,R)=(72.26999pt, 469.75502pt, 72.26999pt)
* v-part:(T,H,B)=(72.26999pt, 650.43001pt, 72.26999pt)
* \paperwidth=614.295pt
* \paperheight=794.96999pt
* \textwidth=469.75502pt
* \textheight=650.43001pt
* \oddsidemargin=0.0pt
* \evensidemargin=0.0pt
* \topmargin=-37.0pt
* \headheight=12.0pt
* \headsep=25.0pt
* \topskip=10.0pt
* \footskip=30.0pt
* \marginparwidth=65.0pt
* \marginparsep=11.0pt
* \columnsep=10.0pt
* \skip\footins=9.0pt plus 4.0pt minus 2.0pt
* \hoffset=0.0pt
* \voffset=0.0pt
* \mag=1000
* \@twocolumnfalse
* \@twosidefalse
* \@mparswitchfalse
* \@reversemarginfalse
* (1in=72.27pt=25.4mm, 1cm=28.453pt)

("C:\Program Files\MiKTeX 2.9\tex\context\base\supp-pdf.mkii"
[Loading MPS to PDF converter (version 2006.09.02).]
\scratchcounter=\count120
\scratchdimen=\dimen131
\scratchbox=\box30
\nofMPsegments=\count121
\nofMParguments=\count122
\everyMPshowfont=\toks25
\MPscratchCnt=\count123
\MPscratchDim=\dimen132
\MPnumerator=\count124
\makeMPintoPDFobject=\count125
\everyMPtoPDFconversion=\toks26
) ("C:\Program Files\MiKTeX 2.9\tex\latex\oberdiek\epstopdf-base.sty"
Package: epstopdf-base 2016/05/15 v2.6 Base part for package epstopdf
("C:\Program Files\MiKTeX 2.9\tex\latex\oberdiek\grfext.sty"
Package: grfext 2016/05/16 v1.2 Manage graphics extensions (HO)
)
Package epstopdf-base Info: Redefining graphics rule for `.eps' on input line 4
38.
Package grfext Info: Graphics extension search list:
(grfext)             [.pdf,.png,.jpg,.mps,.jpeg,.jbig2,.jb2,.PDF,.PNG,.JPG,.JPE
G,.JBIG2,.JB2,.eps]
(grfext)             \AppendGraphicsExtensions on input line 456.
)
LaTeX Font Info:    Try loading font information for OT1+lmr on input line 114.

("C:\Program Files\MiKTeX 2.9\tex\latex\lm\ot1lmr.fd"
File: ot1lmr.fd 2009/10/30 v1.6 Font defs for Latin Modern
)
LaTeX Font Info:    Try loading font information for OML+lmm on input line 114.

("C:\Program Files\MiKTeX 2.9\tex\latex\lm\omllmm.fd"
File: omllmm.fd 2009/10/30 v1.6 Font defs for Latin Modern
)
LaTeX Font Info:    Try loading font information for OMS+lmsy on input line 114
.
("C:\Program Files\MiKTeX 2.9\tex\latex\lm\omslmsy.fd"
File: omslmsy.fd 2009/10/30 v1.6 Font defs for Latin Modern
)
LaTeX Font Info:    Try loading font information for OMX+lmex on input line 114
.
("C:\Program Files\MiKTeX 2.9\tex\latex\lm\omxlmex.fd"
File: omxlmex.fd 2009/10/30 v1.6 Font defs for Latin Modern
)
LaTeX Font Info:    External font `lmex10' loaded for size
(Font)              <12> on input line 114.
LaTeX Font Info:    External font `lmex10' loaded for size
(Font)              <8> on input line 114.
LaTeX Font Info:    External font `lmex10' loaded for size
(Font)              <6> on input line 114.
LaTeX Font Info:    Try loading font information for U+msa on input line 114.
("C:\Program Files\MiKTeX 2.9\tex\latex\amsfonts\umsa.fd"
File: umsa.fd 2013/01/14 v3.01 AMS symbols A
) ("C:\Program Files\MiKTeX 2.9\tex\latex\microtype\mt-msa.cfg"
File: mt-msa.cfg 2006/02/04 v1.1 microtype config. file: AMS symbols (a) (RS)
)
LaTeX Font Info:    Try loading font information for U+msb on input line 114.
("C:\Program Files\MiKTeX 2.9\tex\latex\amsfonts\umsb.fd"
File: umsb.fd 2013/01/14 v3.01 AMS symbols B
) ("C:\Program Files\MiKTeX 2.9\tex\latex\microtype\mt-msb.cfg"
File: mt-msb.cfg 2005/06/01 v1.0 microtype config. file: AMS symbols (b) (RS)
)
LaTeX Font Info:    Try loading font information for T1+lmtt on input line 118.

("C:\Program Files\MiKTeX 2.9\tex\latex\lm\t1lmtt.fd"
File: t1lmtt.fd 2009/10/30 v1.6 Font defs for Latin Modern
)
LaTeX Font Info:    Font shape `T1/lmtt/bx/n' in size <10> not available
(Font)              Font shape `T1/lmtt/b/n' tried instead on input line 119.

Overfull \hbox (601.24187pt too wide) in paragraph at lines 126--126
[]\T1/lmtt/m/n/10 ## -- Attaching packages ------------------------------------
-------------------------------------------------------------------------------
--------------------------------------------- tidyverse 1.3.0 --[] 
 []


Overfull \hbox (601.24187pt too wide) in paragraph at lines 139--139
[]\T1/lmtt/m/n/10 ## -- Conflicts ---------------------------------------------
-------------------------------------------------------------------------------
--------------------------------------- tidyverse_conflicts() --[] 
 []

LaTeX Font Info:    Try loading font information for TS1+lmtt on input line 150
.
("C:\Program Files\MiKTeX 2.9\tex\latex\lm\ts1lmtt.fd"
File: ts1lmtt.fd 2009/10/30 v1.6 Font defs for Latin Modern
)
<Lab4_files/figure-latex/unnamed-chunk-1-1.pdf, id=3, 469.755pt x 325.215pt>
File: Lab4_files/figure-latex/unnamed-chunk-1-1.pdf Graphic file (type pdf)
<use Lab4_files/figure-latex/unnamed-chunk-1-1.pdf>
Package pdftex.def Info: Lab4_files/figure-latex/unnamed-chunk-1-1.pdf  used on
 input line 180.
(pdftex.def)             Requested size: 469.75386pt x 325.2142pt.
[1

{C:/Users/red40/AppData/Local/MiKTeX/2.9/pdftex/config/pdftex.map}]
<Lab4_files/figure-latex/unnamed-chunk-1-2.pdf, id=15, 469.755pt x 325.215pt>
File: Lab4_files/figure-latex/unnamed-chunk-1-2.pdf Graphic file (type pdf)
<use Lab4_files/figure-latex/unnamed-chunk-1-2.pdf>
Package pdftex.def Info: Lab4_files/figure-latex/unnamed-chunk-1-2.pdf  used on
 input line 188.
(pdftex.def)             Requested size: 469.75386pt x 325.2142pt.
[2 <./Lab4_files/figure-latex/unnamed-chunk-1-1.pdf>]
<Lab4_files/figure-latex/unnamed-chunk-1-3.pdf, id=25, 469.755pt x 325.215pt>
File: Lab4_files/figure-latex/unnamed-chunk-1-3.pdf Graphic file (type pdf)
<use Lab4_files/figure-latex/unnamed-chunk-1-3.pdf>
Package pdftex.def Info: Lab4_files/figure-latex/unnamed-chunk-1-3.pdf  used on
 input line 200.
(pdftex.def)             Requested size: 469.75386pt x 325.2142pt.
[3 <./Lab4_files/figure-latex/unnamed-chunk-1-2.pdf>]
<Lab4_files/figure-latex/unnamed-chunk-1-4.pdf, id=36, 469.755pt x 325.215pt>
File: Lab4_files/figure-latex/unnamed-chunk-1-4.pdf Graphic file (type pdf)
<use Lab4_files/figure-latex/unnamed-chunk-1-4.pdf>
Package pdftex.def Info: Lab4_files/figure-latex/unnamed-chunk-1-4.pdf  used on
 input line 210.
(pdftex.def)             Requested size: 469.75386pt x 325.2142pt.
[4 <./Lab4_files/figure-latex/unnamed-chunk-1-3.pdf>]
<Lab4_files/figure-latex/unnamed-chunk-1-5.pdf, id=46, 469.755pt x 325.215pt>
File: Lab4_files/figure-latex/unnamed-chunk-1-5.pdf Graphic file (type pdf)
<use Lab4_files/figure-latex/unnamed-chunk-1-5.pdf>
Package pdftex.def Info: Lab4_files/figure-latex/unnamed-chunk-1-5.pdf  used on
 input line 221.
(pdftex.def)             Requested size: 469.75386pt x 325.2142pt.
[5 <./Lab4_files/figure-latex/unnamed-chunk-1-4.pdf>]
<Lab4_files/figure-latex/unnamed-chunk-1-6.pdf, id=57, 469.755pt x 325.215pt>
File: Lab4_files/figure-latex/unnamed-chunk-1-6.pdf Graphic file (type pdf)
<use Lab4_files/figure-latex/unnamed-chunk-1-6.pdf>
Package pdftex.def Info: Lab4_files/figure-latex/unnamed-chunk-1-6.pdf  used on
 input line 229.
(pdftex.def)             Requested size: 469.75386pt x 325.2142pt.
[6 <./Lab4_files/figure-latex/unnamed-chunk-1-5.pdf>]
<Lab4_files/figure-latex/unnamed-chunk-1-7.pdf, id=67, 469.755pt x 325.215pt>
File: Lab4_files/figure-latex/unnamed-chunk-1-7.pdf Graphic file (type pdf)
<use Lab4_files/figure-latex/unnamed-chunk-1-7.pdf>
Package pdftex.def Info: Lab4_files/figure-latex/unnamed-chunk-1-7.pdf  used on
 input line 238.
(pdftex.def)             Requested size: 469.75386pt x 325.2142pt.
[7 <./Lab4_files/figure-latex/unnamed-chunk-1-6.pdf>]
<Lab4_files/figure-latex/unnamed-chunk-1-8.pdf, id=78, 469.755pt x 325.215pt>
File: Lab4_files/figure-latex/unnamed-chunk-1-8.pdf Graphic file (type pdf)
<use Lab4_files/figure-latex/unnamed-chunk-1-8.pdf>
Package pdftex.def Info: Lab4_files/figure-latex/unnamed-chunk-1-8.pdf  used on
 input line 275.
(pdftex.def)             Requested size: 469.75386pt x 325.2142pt.
[8 <./Lab4_files/figure-latex/unnamed-chunk-1-7.pdf>]
<Lab4_files/figure-latex/unnamed-chunk-1-9.pdf, id=88, 469.755pt x 325.215pt>
File: Lab4_files/figure-latex/unnamed-chunk-1-9.pdf Graphic file (type pdf)
<use Lab4_files/figure-latex/unnamed-chunk-1-9.pdf>
Package pdftex.def Info: Lab4_files/figure-latex/unnamed-chunk-1-9.pdf  used on
 input line 284.
(pdftex.def)             Requested size: 469.75386pt x 325.2142pt.
[9 <./Lab4_files/figure-latex/unnamed-chunk-1-8.pdf>]
<Lab4_files/figure-latex/unnamed-chunk-1-10.pdf, id=98, 469.755pt x 325.215pt>
File: Lab4_files/figure-latex/unnamed-chunk-1-10.pdf Graphic file (type pdf)
<use Lab4_files/figure-latex/unnamed-chunk-1-10.pdf>
Package pdftex.def Info: Lab4_files/figure-latex/unnamed-chunk-1-10.pdf  used o
n input line 293.
(pdftex.def)             Requested size: 469.75386pt x 325.2142pt.
[10 <./Lab4_files/figure-latex/unnamed-chunk-1-9.pdf>]
<Lab4_files/figure-latex/unnamed-chunk-1-11.pdf, id=108, 469.755pt x 325.215pt>

File: Lab4_files/figure-latex/unnamed-chunk-1-11.pdf Graphic file (type pdf)
<use Lab4_files/figure-latex/unnamed-chunk-1-11.pdf>
Package pdftex.def Info: Lab4_files/figure-latex/unnamed-chunk-1-11.pdf  used o
n input line 302.
(pdftex.def)             Requested size: 469.75386pt x 325.2142pt.
[11 <./Lab4_files/figure-latex/unnamed-chunk-1-10.pdf>]
<Lab4_files/figure-latex/unnamed-chunk-1-12.pdf, id=118, 469.755pt x 325.215pt>

File: Lab4_files/figure-latex/unnamed-chunk-1-12.pdf Graphic file (type pdf)
<use Lab4_files/figure-latex/unnamed-chunk-1-12.pdf>
Package pdftex.def Info: Lab4_files/figure-latex/unnamed-chunk-1-12.pdf  used o
n input line 311.
(pdftex.def)             Requested size: 469.75386pt x 325.2142pt.
[12 <./Lab4_files/figure-latex/unnamed-chunk-1-11.pdf>]
<Lab4_files/figure-latex/unnamed-chunk-1-13.pdf, id=128, 469.755pt x 325.215pt>

File: Lab4_files/figure-latex/unnamed-chunk-1-13.pdf Graphic file (type pdf)
<use Lab4_files/figure-latex/unnamed-chunk-1-13.pdf>
Package pdftex.def Info: Lab4_files/figure-latex/unnamed-chunk-1-13.pdf  used o
n input line 320.
(pdftex.def)             Requested size: 469.75386pt x 325.2142pt.
[13 <./Lab4_files/figure-latex/unnamed-chunk-1-12.pdf>]
<Lab4_files/figure-latex/unnamed-chunk-1-14.pdf, id=139, 469.755pt x 325.215pt>

File: Lab4_files/figure-latex/unnamed-chunk-1-14.pdf Graphic file (type pdf)
<use Lab4_files/figure-latex/unnamed-chunk-1-14.pdf>
Package pdftex.def Info: Lab4_files/figure-latex/unnamed-chunk-1-14.pdf  used o
n input line 329.
(pdftex.def)             Requested size: 469.75386pt x 325.2142pt.
[14 <./Lab4_files/figure-latex/unnamed-chunk-1-13.pdf>]
<Lab4_files/figure-latex/unnamed-chunk-1-15.pdf, id=149, 469.755pt x 325.215pt>

File: Lab4_files/figure-latex/unnamed-chunk-1-15.pdf Graphic file (type pdf)
<use Lab4_files/figure-latex/unnamed-chunk-1-15.pdf>
Package pdftex.def Info: Lab4_files/figure-latex/unnamed-chunk-1-15.pdf  used o
n input line 339.
(pdftex.def)             Requested size: 469.75386pt x 325.2142pt.
[15 <./Lab4_files/figure-latex/unnamed-chunk-1-14.pdf>]
<Lab4_files/figure-latex/unnamed-chunk-1-16.pdf, id=159, 469.755pt x 325.215pt>

File: Lab4_files/figure-latex/unnamed-chunk-1-16.pdf Graphic file (type pdf)
<use Lab4_files/figure-latex/unnamed-chunk-1-16.pdf>
Package pdftex.def Info: Lab4_files/figure-latex/unnamed-chunk-1-16.pdf  used o
n input line 355.
(pdftex.def)             Requested size: 469.75386pt x 325.2142pt.
[16 <./Lab4_files/figure-latex/unnamed-chunk-1-15.pdf>]
<Lab4_files/figure-latex/unnamed-chunk-1-17.pdf, id=169, 469.755pt x 325.215pt>

File: Lab4_files/figure-latex/unnamed-chunk-1-17.pdf Graphic file (type pdf)
<use Lab4_files/figure-latex/unnamed-chunk-1-17.pdf>
Package pdftex.def Info: Lab4_files/figure-latex/unnamed-chunk-1-17.pdf  used o
n input line 367.
(pdftex.def)             Requested size: 469.75386pt x 325.2142pt.
[17 <./Lab4_files/figure-latex/unnamed-chunk-1-16.pdf>]
<Lab4_files/figure-latex/unnamed-chunk-1-18.pdf, id=179, 469.755pt x 325.215pt>

File: Lab4_files/figure-latex/unnamed-chunk-1-18.pdf Graphic file (type pdf)
<use Lab4_files/figure-latex/unnamed-chunk-1-18.pdf>
Package pdftex.def Info: Lab4_files/figure-latex/unnamed-chunk-1-18.pdf  used o
n input line 377.
(pdftex.def)             Requested size: 469.75386pt x 325.2142pt.
[18 <./Lab4_files/figure-latex/unnamed-chunk-1-17.pdf>]
<Lab4_files/figure-latex/unnamed-chunk-1-19.pdf, id=189, 469.755pt x 325.215pt>

File: Lab4_files/figure-latex/unnamed-chunk-1-19.pdf Graphic file (type pdf)
<use Lab4_files/figure-latex/unnamed-chunk-1-19.pdf>
Package pdftex.def Info: Lab4_files/figure-latex/unnamed-chunk-1-19.pdf  used o
n input line 386.
(pdftex.def)             Requested size: 469.75386pt x 325.2142pt.
[19 <./Lab4_files/figure-latex/unnamed-chunk-1-18.pdf>]
<Lab4_files/figure-latex/unnamed-chunk-1-20.pdf, id=200, 469.755pt x 325.215pt>

File: Lab4_files/figure-latex/unnamed-chunk-1-20.pdf Graphic file (type pdf)
<use Lab4_files/figure-latex/unnamed-chunk-1-20.pdf>
Package pdftex.def Info: Lab4_files/figure-latex/unnamed-chunk-1-20.pdf  used o
n input line 397.
(pdftex.def)             Requested size: 469.75386pt x 325.2142pt.
[20 <./Lab4_files/figure-latex/unnamed-chunk-1-19.pdf>]
<Lab4_files/figure-latex/unnamed-chunk-1-21.pdf, id=210, 469.755pt x 325.215pt>

File: Lab4_files/figure-latex/unnamed-chunk-1-21.pdf Graphic file (type pdf)
<use Lab4_files/figure-latex/unnamed-chunk-1-21.pdf>
Package pdftex.def Info: Lab4_files/figure-latex/unnamed-chunk-1-21.pdf  used o
n input line 406.
(pdftex.def)             Requested size: 469.75386pt x 325.2142pt.
[21 <./Lab4_files/figure-latex/unnamed-chunk-1-20.pdf>]
<Lab4_files/figure-latex/unnamed-chunk-1-22.pdf, id=220, 469.755pt x 325.215pt>

File: Lab4_files/figure-latex/unnamed-chunk-1-22.pdf Graphic file (type pdf)
<use Lab4_files/figure-latex/unnamed-chunk-1-22.pdf>
Package pdftex.def Info: Lab4_files/figure-latex/unnamed-chunk-1-22.pdf  used o
n input line 415.
(pdftex.def)             Requested size: 469.75386pt x 325.2142pt.
[22 <./Lab4_files/figure-latex/unnamed-chunk-1-21.pdf>]
<Lab4_files/figure-latex/unnamed-chunk-1-23.pdf, id=230, 469.755pt x 325.215pt>

File: Lab4_files/figure-latex/unnamed-chunk-1-23.pdf Graphic file (type pdf)
<use Lab4_files/figure-latex/unnamed-chunk-1-23.pdf>
Package pdftex.def Info: Lab4_files/figure-latex/unnamed-chunk-1-23.pdf  used o
n input line 424.
(pdftex.def)             Requested size: 469.75386pt x 325.2142pt.
[23 <./Lab4_files/figure-latex/unnamed-chunk-1-22.pdf>]
<Lab4_files/figure-latex/unnamed-chunk-1-24.pdf, id=240, 469.755pt x 325.215pt>

File: Lab4_files/figure-latex/unnamed-chunk-1-24.pdf Graphic file (type pdf)
<use Lab4_files/figure-latex/unnamed-chunk-1-24.pdf>
Package pdftex.def Info: Lab4_files/figure-latex/unnamed-chunk-1-24.pdf  used o
n input line 442.
(pdftex.def)             Requested size: 469.75386pt x 325.2142pt.
[24 <./Lab4_files/figure-latex/unnamed-chunk-1-23.pdf>]
<Lab4_files/figure-latex/unnamed-chunk-1-25.pdf, id=250, 469.755pt x 325.215pt>

File: Lab4_files/figure-latex/unnamed-chunk-1-25.pdf Graphic file (type pdf)
<use Lab4_files/figure-latex/unnamed-chunk-1-25.pdf>
Package pdftex.def Info: Lab4_files/figure-latex/unnamed-chunk-1-25.pdf  used o
n input line 474.
(pdftex.def)             Requested size: 469.75386pt x 325.2142pt.
[25 <./Lab4_files/figure-latex/unnamed-chunk-1-24.pdf>]
<Lab4_files/figure-latex/unnamed-chunk-1-26.pdf, id=261, 469.755pt x 325.215pt>

File: Lab4_files/figure-latex/unnamed-chunk-1-26.pdf Graphic file (type pdf)
<use Lab4_files/figure-latex/unnamed-chunk-1-26.pdf>
Package pdftex.def Info: Lab4_files/figure-latex/unnamed-chunk-1-26.pdf  used o
n input line 483.
(pdftex.def)             Requested size: 469.75386pt x 325.2142pt.
[26 <./Lab4_files/figure-latex/unnamed-chunk-1-25.pdf>]
<Lab4_files/figure-latex/unnamed-chunk-1-27.pdf, id=271, 469.755pt x 325.215pt>

File: Lab4_files/figure-latex/unnamed-chunk-1-27.pdf Graphic file (type pdf)
<use Lab4_files/figure-latex/unnamed-chunk-1-27.pdf>
Package pdftex.def Info: Lab4_files/figure-latex/unnamed-chunk-1-27.pdf  used o
n input line 493.
(pdftex.def)             Requested size: 469.75386pt x 325.2142pt.
[27 <./Lab4_files/figure-latex/unnamed-chunk-1-26.pdf>]
<Lab4_files/figure-latex/unnamed-chunk-1-28.pdf, id=281, 469.755pt x 325.215pt>

File: Lab4_files/figure-latex/unnamed-chunk-1-28.pdf Graphic file (type pdf)
<use Lab4_files/figure-latex/unnamed-chunk-1-28.pdf>
Package pdftex.def Info: Lab4_files/figure-latex/unnamed-chunk-1-28.pdf  used o
n input line 511.
(pdftex.def)             Requested size: 469.75386pt x 325.2142pt.
[28 <./Lab4_files/figure-latex/unnamed-chunk-1-27.pdf>]
<Lab4_files/figure-latex/unnamed-chunk-1-29.pdf, id=291, 469.755pt x 325.215pt>

File: Lab4_files/figure-latex/unnamed-chunk-1-29.pdf Graphic file (type pdf)
<use Lab4_files/figure-latex/unnamed-chunk-1-29.pdf>
Package pdftex.def Info: Lab4_files/figure-latex/unnamed-chunk-1-29.pdf  used o
n input line 521.
(pdftex.def)             Requested size: 469.75386pt x 325.2142pt.
[29 <./Lab4_files/figure-latex/unnamed-chunk-1-28.pdf>]
<Lab4_files/figure-latex/unnamed-chunk-1-30.pdf, id=301, 469.755pt x 325.215pt>

File: Lab4_files/figure-latex/unnamed-chunk-1-30.pdf Graphic file (type pdf)
<use Lab4_files/figure-latex/unnamed-chunk-1-30.pdf>
Package pdftex.def Info: Lab4_files/figure-latex/unnamed-chunk-1-30.pdf  used o
n input line 538.
(pdftex.def)             Requested size: 469.75386pt x 325.2142pt.
[30 <./Lab4_files/figure-latex/unnamed-chunk-1-29.pdf>]
<Lab4_files/figure-latex/unnamed-chunk-1-31.pdf, id=311, 469.755pt x 325.215pt>

File: Lab4_files/figure-latex/unnamed-chunk-1-31.pdf Graphic file (type pdf)
<use Lab4_files/figure-latex/unnamed-chunk-1-31.pdf>
Package pdftex.def Info: Lab4_files/figure-latex/unnamed-chunk-1-31.pdf  used o
n input line 547.
(pdftex.def)             Requested size: 469.75386pt x 325.2142pt.
[31 <./Lab4_files/figure-latex/unnamed-chunk-1-30.pdf>]
<Lab4_files/figure-latex/unnamed-chunk-1-32.pdf, id=322, 469.755pt x 325.215pt>

File: Lab4_files/figure-latex/unnamed-chunk-1-32.pdf Graphic file (type pdf)
<use Lab4_files/figure-latex/unnamed-chunk-1-32.pdf>
Package pdftex.def Info: Lab4_files/figure-latex/unnamed-chunk-1-32.pdf  used o
n input line 556.
(pdftex.def)             Requested size: 469.75386pt x 325.2142pt.
[32 <./Lab4_files/figure-latex/unnamed-chunk-1-31.pdf>]
<Lab4_files/figure-latex/unnamed-chunk-1-33.pdf, id=332, 469.755pt x 325.215pt>

File: Lab4_files/figure-latex/unnamed-chunk-1-33.pdf Graphic file (type pdf)
<use Lab4_files/figure-latex/unnamed-chunk-1-33.pdf>
Package pdftex.def Info: Lab4_files/figure-latex/unnamed-chunk-1-33.pdf  used o
n input line 567.
(pdftex.def)             Requested size: 469.75386pt x 325.2142pt.
[33 <./Lab4_files/figure-latex/unnamed-chunk-1-32.pdf>]
<Lab4_files/figure-latex/unnamed-chunk-1-34.pdf, id=343, 469.755pt x 325.215pt>

File: Lab4_files/figure-latex/unnamed-chunk-1-34.pdf Graphic file (type pdf)
<use Lab4_files/figure-latex/unnamed-chunk-1-34.pdf>
Package pdftex.def Info: Lab4_files/figure-latex/unnamed-chunk-1-34.pdf  used o
n input line 580.
(pdftex.def)             Requested size: 469.75386pt x 325.2142pt.
[34 <./Lab4_files/figure-latex/unnamed-chunk-1-33.pdf>]
<Lab4_files/figure-latex/unnamed-chunk-1-35.pdf, id=353, 469.755pt x 325.215pt>

File: Lab4_files/figure-latex/unnamed-chunk-1-35.pdf Graphic file (type pdf)
<use Lab4_files/figure-latex/unnamed-chunk-1-35.pdf>
Package pdftex.def Info: Lab4_files/figure-latex/unnamed-chunk-1-35.pdf  used o
n input line 591.
(pdftex.def)             Requested size: 469.75386pt x 325.2142pt.
[35 <./Lab4_files/figure-latex/unnamed-chunk-1-34.pdf>]
<Lab4_files/figure-latex/unnamed-chunk-1-36.pdf, id=364, 469.755pt x 325.215pt>

File: Lab4_files/figure-latex/unnamed-chunk-1-36.pdf Graphic file (type pdf)
<use Lab4_files/figure-latex/unnamed-chunk-1-36.pdf>
Package pdftex.def Info: Lab4_files/figure-latex/unnamed-chunk-1-36.pdf  used o
n input line 609.
(pdftex.def)             Requested size: 469.75386pt x 325.2142pt.
[36 <./Lab4_files/figure-latex/unnamed-chunk-1-35.pdf>]
<Lab4_files/figure-latex/unnamed-chunk-1-37.pdf, id=374, 469.755pt x 325.215pt>

File: Lab4_files/figure-latex/unnamed-chunk-1-37.pdf Graphic file (type pdf)
<use Lab4_files/figure-latex/unnamed-chunk-1-37.pdf>
Package pdftex.def Info: Lab4_files/figure-latex/unnamed-chunk-1-37.pdf  used o
n input line 619.
(pdftex.def)             Requested size: 469.75386pt x 325.2142pt.
[37 <./Lab4_files/figure-latex/unnamed-chunk-1-36.pdf>]
<Lab4_files/figure-latex/unnamed-chunk-1-38.pdf, id=385, 469.755pt x 325.215pt>

File: Lab4_files/figure-latex/unnamed-chunk-1-38.pdf Graphic file (type pdf)
<use Lab4_files/figure-latex/unnamed-chunk-1-38.pdf>
Package pdftex.def Info: Lab4_files/figure-latex/unnamed-chunk-1-38.pdf  used o
n input line 628.
(pdftex.def)             Requested size: 469.75386pt x 325.2142pt.
[38 <./Lab4_files/figure-latex/unnamed-chunk-1-37.pdf>]
<Lab4_files/figure-latex/unnamed-chunk-1-39.pdf, id=395, 469.755pt x 325.215pt>

File: Lab4_files/figure-latex/unnamed-chunk-1-39.pdf Graphic file (type pdf)
<use Lab4_files/figure-latex/unnamed-chunk-1-39.pdf>
Package pdftex.def Info: Lab4_files/figure-latex/unnamed-chunk-1-39.pdf  used o
n input line 638.
(pdftex.def)             Requested size: 469.75386pt x 325.2142pt.
[39 <./Lab4_files/figure-latex/unnamed-chunk-1-38.pdf>]
<Lab4_files/figure-latex/unnamed-chunk-1-40.pdf, id=405, 469.755pt x 325.215pt>

File: Lab4_files/figure-latex/unnamed-chunk-1-40.pdf Graphic file (type pdf)
<use Lab4_files/figure-latex/unnamed-chunk-1-40.pdf>
Package pdftex.def Info: Lab4_files/figure-latex/unnamed-chunk-1-40.pdf  used o
n input line 648.
(pdftex.def)             Requested size: 469.75386pt x 325.2142pt.
[40 <./Lab4_files/figure-latex/unnamed-chunk-1-39.pdf>]
<Lab4_files/figure-latex/unnamed-chunk-1-41.pdf, id=415, 469.755pt x 325.215pt>

File: Lab4_files/figure-latex/unnamed-chunk-1-41.pdf Graphic file (type pdf)
<use Lab4_files/figure-latex/unnamed-chunk-1-41.pdf>
Package pdftex.def Info: Lab4_files/figure-latex/unnamed-chunk-1-41.pdf  used o
n input line 659.
(pdftex.def)             Requested size: 469.75386pt x 325.2142pt.
[41 <./Lab4_files/figure-latex/unnamed-chunk-1-40.pdf>]
<Lab4_files/figure-latex/unnamed-chunk-1-42.pdf, id=425, 469.755pt x 325.215pt>

File: Lab4_files/figure-latex/unnamed-chunk-1-42.pdf Graphic file (type pdf)
<use Lab4_files/figure-latex/unnamed-chunk-1-42.pdf>
Package pdftex.def Info: Lab4_files/figure-latex/unnamed-chunk-1-42.pdf  used o
n input line 668.
(pdftex.def)             Requested size: 469.75386pt x 325.2142pt.
[42 <./Lab4_files/figure-latex/unnamed-chunk-1-41.pdf>]
<Lab4_files/figure-latex/unnamed-chunk-1-43.pdf, id=435, 469.755pt x 325.215pt>

File: Lab4_files/figure-latex/unnamed-chunk-1-43.pdf Graphic file (type pdf)
<use Lab4_files/figure-latex/unnamed-chunk-1-43.pdf>
Package pdftex.def Info: Lab4_files/figure-latex/unnamed-chunk-1-43.pdf  used o
n input line 677.
(pdftex.def)             Requested size: 469.75386pt x 325.2142pt.
[43 <./Lab4_files/figure-latex/unnamed-chunk-1-42.pdf>]
<Lab4_files/figure-latex/unnamed-chunk-1-44.pdf, id=446, 469.755pt x 325.215pt>

File: Lab4_files/figure-latex/unnamed-chunk-1-44.pdf Graphic file (type pdf)
<use Lab4_files/figure-latex/unnamed-chunk-1-44.pdf>
Package pdftex.def Info: Lab4_files/figure-latex/unnamed-chunk-1-44.pdf  used o
n input line 685.
(pdftex.def)             Requested size: 469.75386pt x 325.2142pt.
[44 <./Lab4_files/figure-latex/unnamed-chunk-1-43.pdf>]
<Lab4_files/figure-latex/unnamed-chunk-1-45.pdf, id=456, 469.755pt x 325.215pt>

File: Lab4_files/figure-latex/unnamed-chunk-1-45.pdf Graphic file (type pdf)
<use Lab4_files/figure-latex/unnamed-chunk-1-45.pdf>
Package pdftex.def Info: Lab4_files/figure-latex/unnamed-chunk-1-45.pdf  used o
n input line 694.
(pdftex.def)             Requested size: 469.75386pt x 325.2142pt.
[45 <./Lab4_files/figure-latex/unnamed-chunk-1-44.pdf>]
<Lab4_files/figure-latex/unnamed-chunk-1-46.pdf, id=466, 469.755pt x 325.215pt>

File: Lab4_files/figure-latex/unnamed-chunk-1-46.pdf Graphic file (type pdf)
<use Lab4_files/figure-latex/unnamed-chunk-1-46.pdf>
Package pdftex.def Info: Lab4_files/figure-latex/unnamed-chunk-1-46.pdf  used o
n input line 702.
(pdftex.def)             Requested size: 469.75386pt x 325.2142pt.
[46 <./Lab4_files/figure-latex/unnamed-chunk-1-45.pdf>]
<Lab4_files/figure-latex/unnamed-chunk-1-47.pdf, id=476, 469.755pt x 325.215pt>

File: Lab4_files/figure-latex/unnamed-chunk-1-47.pdf Graphic file (type pdf)
<use Lab4_files/figure-latex/unnamed-chunk-1-47.pdf>
Package pdftex.def Info: Lab4_files/figure-latex/unnamed-chunk-1-47.pdf  used o
n input line 711.
(pdftex.def)             Requested size: 469.75386pt x 325.2142pt.
[47 <./Lab4_files/figure-latex/unnamed-chunk-1-46.pdf>]
<Lab4_files/figure-latex/unnamed-chunk-1-48.pdf, id=486, 469.755pt x 325.215pt>

File: Lab4_files/figure-latex/unnamed-chunk-1-48.pdf Graphic file (type pdf)
<use Lab4_files/figure-latex/unnamed-chunk-1-48.pdf>
Package pdftex.def Info: Lab4_files/figure-latex/unnamed-chunk-1-48.pdf  used o
n input line 720.
(pdftex.def)             Requested size: 469.75386pt x 325.2142pt.
[48 <./Lab4_files/figure-latex/unnamed-chunk-1-47.pdf>]
<Lab4_files/figure-latex/unnamed-chunk-1-49.pdf, id=496, 469.755pt x 325.215pt>

File: Lab4_files/figure-latex/unnamed-chunk-1-49.pdf Graphic file (type pdf)
<use Lab4_files/figure-latex/unnamed-chunk-1-49.pdf>
Package pdftex.def Info: Lab4_files/figure-latex/unnamed-chunk-1-49.pdf  used o
n input line 729.
(pdftex.def)             Requested size: 469.75386pt x 325.2142pt.
[49 <./Lab4_files/figure-latex/unnamed-chunk-1-48.pdf>]
<Lab4_files/figure-latex/unnamed-chunk-1-50.pdf, id=507, 469.755pt x 325.215pt>

File: Lab4_files/figure-latex/unnamed-chunk-1-50.pdf Graphic file (type pdf)
<use Lab4_files/figure-latex/unnamed-chunk-1-50.pdf>
Package pdftex.def Info: Lab4_files/figure-latex/unnamed-chunk-1-50.pdf  used o
n input line 737.
(pdftex.def)             Requested size: 469.75386pt x 325.2142pt.
[50 <./Lab4_files/figure-latex/unnamed-chunk-1-49.pdf>]
<Lab4_files/figure-latex/unnamed-chunk-1-51.pdf, id=517, 469.755pt x 325.215pt>

File: Lab4_files/figure-latex/unnamed-chunk-1-51.pdf Graphic file (type pdf)
<use Lab4_files/figure-latex/unnamed-chunk-1-51.pdf>
Package pdftex.def Info: Lab4_files/figure-latex/unnamed-chunk-1-51.pdf  used o
n input line 747.
(pdftex.def)             Requested size: 469.75386pt x 325.2142pt.
[51 <./Lab4_files/figure-latex/unnamed-chunk-1-50.pdf>]
<Lab4_files/figure-latex/unnamed-chunk-1-52.pdf, id=527, 469.755pt x 325.215pt>

File: Lab4_files/figure-latex/unnamed-chunk-1-52.pdf Graphic file (type pdf)
<use Lab4_files/figure-latex/unnamed-chunk-1-52.pdf>
Package pdftex.def Info: Lab4_files/figure-latex/unnamed-chunk-1-52.pdf  used o
n input line 759.
(pdftex.def)             Requested size: 469.75386pt x 325.2142pt.
[52 <./Lab4_files/figure-latex/unnamed-chunk-1-51.pdf>]
<Lab4_files/figure-latex/unnamed-chunk-1-53.pdf, id=537, 469.755pt x 325.215pt>

File: Lab4_files/figure-latex/unnamed-chunk-1-53.pdf Graphic file (type pdf)
<use Lab4_files/figure-latex/unnamed-chunk-1-53.pdf>
Package pdftex.def Info: Lab4_files/figure-latex/unnamed-chunk-1-53.pdf  used o
n input line 776.
(pdftex.def)             Requested size: 469.75386pt x 325.2142pt.
[53 <./Lab4_files/figure-latex/unnamed-chunk-1-52.pdf>]
<Lab4_files/figure-latex/unnamed-chunk-1-54.pdf, id=547, 469.755pt x 325.215pt>

File: Lab4_files/figure-latex/unnamed-chunk-1-54.pdf Graphic file (type pdf)
<use Lab4_files/figure-latex/unnamed-chunk-1-54.pdf>
Package pdftex.def Info: Lab4_files/figure-latex/unnamed-chunk-1-54.pdf  used o
n input line 787.
(pdftex.def)             Requested size: 469.75386pt x 325.2142pt.
[54 <./Lab4_files/figure-latex/unnamed-chunk-1-53.pdf>]
<Lab4_files/figure-latex/unnamed-chunk-1-55.pdf, id=557, 469.755pt x 325.215pt>

File: Lab4_files/figure-latex/unnamed-chunk-1-55.pdf Graphic file (type pdf)
<use Lab4_files/figure-latex/unnamed-chunk-1-55.pdf>
Package pdftex.def Info: Lab4_files/figure-latex/unnamed-chunk-1-55.pdf  used o
n input line 797.
(pdftex.def)             Requested size: 469.75386pt x 325.2142pt.
[55 <./Lab4_files/figure-latex/unnamed-chunk-1-54.pdf>]
<Lab4_files/figure-latex/unnamed-chunk-1-56.pdf, id=568, 469.755pt x 325.215pt>

File: Lab4_files/figure-latex/unnamed-chunk-1-56.pdf Graphic file (type pdf)
<use Lab4_files/figure-latex/unnamed-chunk-1-56.pdf>
Package pdftex.def Info: Lab4_files/figure-latex/unnamed-chunk-1-56.pdf  used o
n input line 808.
(pdftex.def)             Requested size: 469.75386pt x 325.2142pt.
[56 <./Lab4_files/figure-latex/unnamed-chunk-1-55.pdf>]
<Lab4_files/figure-latex/unnamed-chunk-1-57.pdf, id=578, 469.755pt x 325.215pt>

File: Lab4_files/figure-latex/unnamed-chunk-1-57.pdf Graphic file (type pdf)
<use Lab4_files/figure-latex/unnamed-chunk-1-57.pdf>
Package pdftex.def Info: Lab4_files/figure-latex/unnamed-chunk-1-57.pdf  used o
n input line 822.
(pdftex.def)             Requested size: 469.75386pt x 325.2142pt.
[57 <./Lab4_files/figure-latex/unnamed-chunk-1-56.pdf>]
Underfull \vbox (badness 1571) detected at line 862
 []

[58 <./Lab4_files/figure-latex/unnamed-chunk-1-57.pdf>]
<Lab4_files/figure-latex/unnamed-chunk-1-58.pdf, id=597, 469.755pt x 325.215pt>

File: Lab4_files/figure-latex/unnamed-chunk-1-58.pdf Graphic file (type pdf)
<use Lab4_files/figure-latex/unnamed-chunk-1-58.pdf>
Package pdftex.def Info: Lab4_files/figure-latex/unnamed-chunk-1-58.pdf  used o
n input line 864.
(pdftex.def)             Requested size: 469.75386pt x 325.2142pt.
<Lab4_files/figure-latex/unnamed-chunk-1-59.pdf, id=598, 469.755pt x 325.215pt>

File: Lab4_files/figure-latex/unnamed-chunk-1-59.pdf Graphic file (type pdf)
<use Lab4_files/figure-latex/unnamed-chunk-1-59.pdf>
Package pdftex.def Info: Lab4_files/figure-latex/unnamed-chunk-1-59.pdf  used o
n input line 873.
(pdftex.def)             Requested size: 469.75386pt x 325.2142pt.
[59 <./Lab4_files/figure-latex/unnamed-chunk-1-58.pdf>]
<Lab4_files/figure-latex/unnamed-chunk-1-60.pdf, id=608, 469.755pt x 325.215pt>

File: Lab4_files/figure-latex/unnamed-chunk-1-60.pdf Graphic file (type pdf)
<use Lab4_files/figure-latex/unnamed-chunk-1-60.pdf>
Package pdftex.def Info: Lab4_files/figure-latex/unnamed-chunk-1-60.pdf  used o
n input line 882.
(pdftex.def)             Requested size: 469.75386pt x 325.2142pt.
[60 <./Lab4_files/figure-latex/unnamed-chunk-1-59.pdf>]
<Lab4_files/figure-latex/unnamed-chunk-1-61.pdf, id=618, 469.755pt x 325.215pt>

File: Lab4_files/figure-latex/unnamed-chunk-1-61.pdf Graphic file (type pdf)
<use Lab4_files/figure-latex/unnamed-chunk-1-61.pdf>
Package pdftex.def Info: Lab4_files/figure-latex/unnamed-chunk-1-61.pdf  used o
n input line 890.
(pdftex.def)             Requested size: 469.75386pt x 325.2142pt.
[61 <./Lab4_files/figure-latex/unnamed-chunk-1-60.pdf>]
<Lab4_files/figure-latex/unnamed-chunk-1-62.pdf, id=629, 469.755pt x 325.215pt>

File: Lab4_files/figure-latex/unnamed-chunk-1-62.pdf Graphic file (type pdf)
<use Lab4_files/figure-latex/unnamed-chunk-1-62.pdf>
Package pdftex.def Info: Lab4_files/figure-latex/unnamed-chunk-1-62.pdf  used o
n input line 898.
(pdftex.def)             Requested size: 469.75386pt x 325.2142pt.
[62 <./Lab4_files/figure-latex/unnamed-chunk-1-61.pdf>]
<Lab4_files/figure-latex/unnamed-chunk-1-63.pdf, id=639, 469.755pt x 325.215pt>

File: Lab4_files/figure-latex/unnamed-chunk-1-63.pdf Graphic file (type pdf)
<use Lab4_files/figure-latex/unnamed-chunk-1-63.pdf>
Package pdftex.def Info: Lab4_files/figure-latex/unnamed-chunk-1-63.pdf  used o
n input line 906.
(pdftex.def)             Requested size: 469.75386pt x 325.2142pt.
[63 <./Lab4_files/figure-latex/unnamed-chunk-1-62.pdf>]
<Lab4_files/figure-latex/unnamed-chunk-1-64.pdf, id=649, 469.755pt x 325.215pt>

File: Lab4_files/figure-latex/unnamed-chunk-1-64.pdf Graphic file (type pdf)
<use Lab4_files/figure-latex/unnamed-chunk-1-64.pdf>
Package pdftex.def Info: Lab4_files/figure-latex/unnamed-chunk-1-64.pdf  used o
n input line 915.
(pdftex.def)             Requested size: 469.75386pt x 325.2142pt.
[64 <./Lab4_files/figure-latex/unnamed-chunk-1-63.pdf>]
<Lab4_files/figure-latex/unnamed-chunk-1-65.pdf, id=659, 469.755pt x 325.215pt>

File: Lab4_files/figure-latex/unnamed-chunk-1-65.pdf Graphic file (type pdf)
<use Lab4_files/figure-latex/unnamed-chunk-1-65.pdf>
Package pdftex.def Info: Lab4_files/figure-latex/unnamed-chunk-1-65.pdf  used o
n input line 925.
(pdftex.def)             Requested size: 469.75386pt x 325.2142pt.
[65 <./Lab4_files/figure-latex/unnamed-chunk-1-64.pdf>]
<Lab4_files/figure-latex/unnamed-chunk-1-66.pdf, id=669, 469.755pt x 325.215pt>

File: Lab4_files/figure-latex/unnamed-chunk-1-66.pdf Graphic file (type pdf)
<use Lab4_files/figure-latex/unnamed-chunk-1-66.pdf>
Package pdftex.def Info: Lab4_files/figure-latex/unnamed-chunk-1-66.pdf  used o
n input line 934.
(pdftex.def)             Requested size: 469.75386pt x 325.2142pt.
[66 <./Lab4_files/figure-latex/unnamed-chunk-1-65.pdf>]
<Lab4_files/figure-latex/unnamed-chunk-1-67.pdf, id=679, 469.755pt x 325.215pt>

File: Lab4_files/figure-latex/unnamed-chunk-1-67.pdf Graphic file (type pdf)
<use Lab4_files/figure-latex/unnamed-chunk-1-67.pdf>
Package pdftex.def Info: Lab4_files/figure-latex/unnamed-chunk-1-67.pdf  used o
n input line 944.
(pdftex.def)             Requested size: 469.75386pt x 325.2142pt.
[67 <./Lab4_files/figure-latex/unnamed-chunk-1-66.pdf>]
<Lab4_files/figure-latex/unnamed-chunk-1-68.pdf, id=690, 469.755pt x 325.215pt>

File: Lab4_files/figure-latex/unnamed-chunk-1-68.pdf Graphic file (type pdf)
<use Lab4_files/figure-latex/unnamed-chunk-1-68.pdf>
Package pdftex.def Info: Lab4_files/figure-latex/unnamed-chunk-1-68.pdf  used o
n input line 954.
(pdftex.def)             Requested size: 469.75386pt x 325.2142pt.
[68 <./Lab4_files/figure-latex/unnamed-chunk-1-67.pdf>]
<Lab4_files/figure-latex/unnamed-chunk-1-69.pdf, id=700, 469.755pt x 325.215pt>

File: Lab4_files/figure-latex/unnamed-chunk-1-69.pdf Graphic file (type pdf)
<use Lab4_files/figure-latex/unnamed-chunk-1-69.pdf>
Package pdftex.def Info: Lab4_files/figure-latex/unnamed-chunk-1-69.pdf  used o
n input line 966.
(pdftex.def)             Requested size: 469.75386pt x 325.2142pt.
[69 <./Lab4_files/figure-latex/unnamed-chunk-1-68.pdf>]
<Lab4_files/figure-latex/unnamed-chunk-1-70.pdf, id=710, 469.755pt x 325.215pt>

File: Lab4_files/figure-latex/unnamed-chunk-1-70.pdf Graphic file (type pdf)
<use Lab4_files/figure-latex/unnamed-chunk-1-70.pdf>
Package pdftex.def Info: Lab4_files/figure-latex/unnamed-chunk-1-70.pdf  used o
n input line 977.
(pdftex.def)             Requested size: 469.75386pt x 325.2142pt.
[70 <./Lab4_files/figure-latex/unnamed-chunk-1-69.pdf>]
<Lab4_files/figure-latex/unnamed-chunk-1-71.pdf, id=720, 469.755pt x 325.215pt>

File: Lab4_files/figure-latex/unnamed-chunk-1-71.pdf Graphic file (type pdf)
<use Lab4_files/figure-latex/unnamed-chunk-1-71.pdf>
Package pdftex.def Info: Lab4_files/figure-latex/unnamed-chunk-1-71.pdf  used o
n input line 986.
(pdftex.def)             Requested size: 469.75386pt x 325.2142pt.
[71 <./Lab4_files/figure-latex/unnamed-chunk-1-70.pdf>]
<Lab4_files/figure-latex/unnamed-chunk-1-72.pdf, id=730, 469.755pt x 325.215pt>

File: Lab4_files/figure-latex/unnamed-chunk-1-72.pdf Graphic file (type pdf)
<use Lab4_files/figure-latex/unnamed-chunk-1-72.pdf>
Package pdftex.def Info: Lab4_files/figure-latex/unnamed-chunk-1-72.pdf  used o
n input line 995.
(pdftex.def)             Requested size: 469.75386pt x 325.2142pt.
[72 <./Lab4_files/figure-latex/unnamed-chunk-1-71.pdf>]
<Lab4_files/figure-latex/unnamed-chunk-1-73.pdf, id=740, 469.755pt x 325.215pt>

File: Lab4_files/figure-latex/unnamed-chunk-1-73.pdf Graphic file (type pdf)
<use Lab4_files/figure-latex/unnamed-chunk-1-73.pdf>
Package pdftex.def Info: Lab4_files/figure-latex/unnamed-chunk-1-73.pdf  used o
n input line 1003.
(pdftex.def)             Requested size: 469.75386pt x 325.2142pt.
[73 <./Lab4_files/figure-latex/unnamed-chunk-1-72.pdf>]
<Lab4_files/figure-latex/unnamed-chunk-1-74.pdf, id=751, 469.755pt x 325.215pt>

File: Lab4_files/figure-latex/unnamed-chunk-1-74.pdf Graphic file (type pdf)
<use Lab4_files/figure-latex/unnamed-chunk-1-74.pdf>
Package pdftex.def Info: Lab4_files/figure-latex/unnamed-chunk-1-74.pdf  used o
n input line 1012.
(pdftex.def)             Requested size: 469.75386pt x 325.2142pt.
[74 <./Lab4_files/figure-latex/unnamed-chunk-1-73.pdf>]
<Lab4_files/figure-latex/unnamed-chunk-1-75.pdf, id=761, 469.755pt x 325.215pt>

File: Lab4_files/figure-latex/unnamed-chunk-1-75.pdf Graphic file (type pdf)
<use Lab4_files/figure-latex/unnamed-chunk-1-75.pdf>
Package pdftex.def Info: Lab4_files/figure-latex/unnamed-chunk-1-75.pdf  used o
n input line 1020.
(pdftex.def)             Requested size: 469.75386pt x 325.2142pt.
[75 <./Lab4_files/figure-latex/unnamed-chunk-1-74.pdf>]
<Lab4_files/figure-latex/unnamed-chunk-1-76.pdf, id=771, 469.755pt x 325.215pt>

File: Lab4_files/figure-latex/unnamed-chunk-1-76.pdf Graphic file (type pdf)
<use Lab4_files/figure-latex/unnamed-chunk-1-76.pdf>
Package pdftex.def Info: Lab4_files/figure-latex/unnamed-chunk-1-76.pdf  used o
n input line 1029.
(pdftex.def)             Requested size: 469.75386pt x 325.2142pt.
[76 <./Lab4_files/figure-latex/unnamed-chunk-1-75.pdf>]
<Lab4_files/figure-latex/unnamed-chunk-1-77.pdf, id=781, 469.755pt x 325.215pt>

File: Lab4_files/figure-latex/unnamed-chunk-1-77.pdf Graphic file (type pdf)
<use Lab4_files/figure-latex/unnamed-chunk-1-77.pdf>
Package pdftex.def Info: Lab4_files/figure-latex/unnamed-chunk-1-77.pdf  used o
n input line 1038.
(pdftex.def)             Requested size: 469.75386pt x 325.2142pt.
[77 <./Lab4_files/figure-latex/unnamed-chunk-1-76.pdf>]
<Lab4_files/figure-latex/unnamed-chunk-1-78.pdf, id=791, 469.755pt x 325.215pt>

File: Lab4_files/figure-latex/unnamed-chunk-1-78.pdf Graphic file (type pdf)
<use Lab4_files/figure-latex/unnamed-chunk-1-78.pdf>
Package pdftex.def Info: Lab4_files/figure-latex/unnamed-chunk-1-78.pdf  used o
n input line 1047.
(pdftex.def)             Requested size: 469.75386pt x 325.2142pt.
[78 <./Lab4_files/figure-latex/unnamed-chunk-1-77.pdf>]
<Lab4_files/figure-latex/unnamed-chunk-1-79.pdf, id=801, 469.755pt x 325.215pt>

File: Lab4_files/figure-latex/unnamed-chunk-1-79.pdf Graphic file (type pdf)
<use Lab4_files/figure-latex/unnamed-chunk-1-79.pdf>
Package pdftex.def Info: Lab4_files/figure-latex/unnamed-chunk-1-79.pdf  used o
n input line 1055.
(pdftex.def)             Requested size: 469.75386pt x 325.2142pt.
[79 <./Lab4_files/figure-latex/unnamed-chunk-1-78.pdf>]
<Lab4_files/figure-latex/unnamed-chunk-1-80.pdf, id=812, 469.755pt x 325.215pt>

File: Lab4_files/figure-latex/unnamed-chunk-1-80.pdf Graphic file (type pdf)
<use Lab4_files/figure-latex/unnamed-chunk-1-80.pdf>
Package pdftex.def Info: Lab4_files/figure-latex/unnamed-chunk-1-80.pdf  used o
n input line 1065.
(pdftex.def)             Requested size: 469.75386pt x 325.2142pt.
[80 <./Lab4_files/figure-latex/unnamed-chunk-1-79.pdf>]
<Lab4_files/figure-latex/unnamed-chunk-1-81.pdf, id=822, 469.755pt x 325.215pt>

File: Lab4_files/figure-latex/unnamed-chunk-1-81.pdf Graphic file (type pdf)
<use Lab4_files/figure-latex/unnamed-chunk-1-81.pdf>
Package pdftex.def Info: Lab4_files/figure-latex/unnamed-chunk-1-81.pdf  used o
n input line 1077.
(pdftex.def)             Requested size: 469.75386pt x 325.2142pt.
[81 <./Lab4_files/figure-latex/unnamed-chunk-1-80.pdf>]
<Lab4_files/figure-latex/unnamed-chunk-1-82.pdf, id=832, 469.755pt x 325.215pt>

File: Lab4_files/figure-latex/unnamed-chunk-1-82.pdf Graphic file (type pdf)
<use Lab4_files/figure-latex/unnamed-chunk-1-82.pdf>
Package pdftex.def Info: Lab4_files/figure-latex/unnamed-chunk-1-82.pdf  used o
n input line 1094.
(pdftex.def)             Requested size: 469.75386pt x 325.2142pt.
[82 <./Lab4_files/figure-latex/unnamed-chunk-1-81.pdf>]
<Lab4_files/figure-latex/unnamed-chunk-1-83.pdf, id=842, 469.755pt x 325.215pt>

File: Lab4_files/figure-latex/unnamed-chunk-1-83.pdf Graphic file (type pdf)
<use Lab4_files/figure-latex/unnamed-chunk-1-83.pdf>
Package pdftex.def Info: Lab4_files/figure-latex/unnamed-chunk-1-83.pdf  used o
n input line 1105.
(pdftex.def)             Requested size: 469.75386pt x 325.2142pt.
[83 <./Lab4_files/figure-latex/unnamed-chunk-1-82.pdf>]
<Lab4_files/figure-latex/unnamed-chunk-1-84.pdf, id=852, 469.755pt x 325.215pt>

File: Lab4_files/figure-latex/unnamed-chunk-1-84.pdf Graphic file (type pdf)
<use Lab4_files/figure-latex/unnamed-chunk-1-84.pdf>
Package pdftex.def Info: Lab4_files/figure-latex/unnamed-chunk-1-84.pdf  used o
n input line 1115.
(pdftex.def)             Requested size: 469.75386pt x 325.2142pt.
[84 <./Lab4_files/figure-latex/unnamed-chunk-1-83.pdf>]
<Lab4_files/figure-latex/unnamed-chunk-1-85.pdf, id=862, 469.755pt x 325.215pt>

File: Lab4_files/figure-latex/unnamed-chunk-1-85.pdf Graphic file (type pdf)
<use Lab4_files/figure-latex/unnamed-chunk-1-85.pdf>
Package pdftex.def Info: Lab4_files/figure-latex/unnamed-chunk-1-85.pdf  used o
n input line 1126.
(pdftex.def)             Requested size: 469.75386pt x 325.2142pt.
[85 <./Lab4_files/figure-latex/unnamed-chunk-1-84.pdf>]
<Lab4_files/figure-latex/unnamed-chunk-1-86.pdf, id=873, 469.755pt x 325.215pt>

File: Lab4_files/figure-latex/unnamed-chunk-1-86.pdf Graphic file (type pdf)
<use Lab4_files/figure-latex/unnamed-chunk-1-86.pdf>
Package pdftex.def Info: Lab4_files/figure-latex/unnamed-chunk-1-86.pdf  used o
n input line 1140.
(pdftex.def)             Requested size: 469.75386pt x 325.2142pt.
[86 <./Lab4_files/figure-latex/unnamed-chunk-1-85.pdf>]
Underfull \vbox (badness 1571) detected at line 1180
 []

[87 <./Lab4_files/figure-latex/unnamed-chunk-1-86.pdf>]
<Lab4_files/figure-latex/unnamed-chunk-1-87.pdf, id=892, 469.755pt x 325.215pt>

File: Lab4_files/figure-latex/unnamed-chunk-1-87.pdf Graphic file (type pdf)
<use Lab4_files/figure-latex/unnamed-chunk-1-87.pdf>
Package pdftex.def Info: Lab4_files/figure-latex/unnamed-chunk-1-87.pdf  used o
n input line 1182.
(pdftex.def)             Requested size: 469.75386pt x 325.2142pt.
<Lab4_files/figure-latex/unnamed-chunk-1-88.pdf, id=893, 469.755pt x 325.215pt>

File: Lab4_files/figure-latex/unnamed-chunk-1-88.pdf Graphic file (type pdf)
<use Lab4_files/figure-latex/unnamed-chunk-1-88.pdf>
Package pdftex.def Info: Lab4_files/figure-latex/unnamed-chunk-1-88.pdf  used o
n input line 1191.
(pdftex.def)             Requested size: 469.75386pt x 325.2142pt.
[88 <./Lab4_files/figure-latex/unnamed-chunk-1-87.pdf>]
<Lab4_files/figure-latex/unnamed-chunk-1-89.pdf, id=903, 469.755pt x 325.215pt>

File: Lab4_files/figure-latex/unnamed-chunk-1-89.pdf Graphic file (type pdf)
<use Lab4_files/figure-latex/unnamed-chunk-1-89.pdf>
Package pdftex.def Info: Lab4_files/figure-latex/unnamed-chunk-1-89.pdf  used o
n input line 1200.
(pdftex.def)             Requested size: 469.75386pt x 325.2142pt.
[89 <./Lab4_files/figure-latex/unnamed-chunk-1-88.pdf>]
<Lab4_files/figure-latex/unnamed-chunk-1-90.pdf, id=913, 469.755pt x 325.215pt>

File: Lab4_files/figure-latex/unnamed-chunk-1-90.pdf Graphic file (type pdf)
<use Lab4_files/figure-latex/unnamed-chunk-1-90.pdf>
Package pdftex.def Info: Lab4_files/figure-latex/unnamed-chunk-1-90.pdf  used o
n input line 1208.
(pdftex.def)             Requested size: 469.75386pt x 325.2142pt.
[90 <./Lab4_files/figure-latex/unnamed-chunk-1-89.pdf>]
<Lab4_files/figure-latex/unnamed-chunk-1-91.pdf, id=923, 469.755pt x 325.215pt>

File: Lab4_files/figure-latex/unnamed-chunk-1-91.pdf Graphic file (type pdf)
<use Lab4_files/figure-latex/unnamed-chunk-1-91.pdf>
Package pdftex.def Info: Lab4_files/figure-latex/unnamed-chunk-1-91.pdf  used o
n input line 1216.
(pdftex.def)             Requested size: 469.75386pt x 325.2142pt.
[91 <./Lab4_files/figure-latex/unnamed-chunk-1-90.pdf>]
<Lab4_files/figure-latex/unnamed-chunk-1-92.pdf, id=934, 469.755pt x 325.215pt>

File: Lab4_files/figure-latex/unnamed-chunk-1-92.pdf Graphic file (type pdf)
<use Lab4_files/figure-latex/unnamed-chunk-1-92.pdf>
Package pdftex.def Info: Lab4_files/figure-latex/unnamed-chunk-1-92.pdf  used o
n input line 1224.
(pdftex.def)             Requested size: 469.75386pt x 325.2142pt.
[92 <./Lab4_files/figure-latex/unnamed-chunk-1-91.pdf>]
<Lab4_files/figure-latex/unnamed-chunk-1-93.pdf, id=944, 469.755pt x 325.215pt>

File: Lab4_files/figure-latex/unnamed-chunk-1-93.pdf Graphic file (type pdf)
<use Lab4_files/figure-latex/unnamed-chunk-1-93.pdf>
Package pdftex.def Info: Lab4_files/figure-latex/unnamed-chunk-1-93.pdf  used o
n input line 1233.
(pdftex.def)             Requested size: 469.75386pt x 325.2142pt.
[93 <./Lab4_files/figure-latex/unnamed-chunk-1-92.pdf>]
<Lab4_files/figure-latex/unnamed-chunk-1-94.pdf, id=954, 469.755pt x 325.215pt>

File: Lab4_files/figure-latex/unnamed-chunk-1-94.pdf Graphic file (type pdf)
<use Lab4_files/figure-latex/unnamed-chunk-1-94.pdf>
Package pdftex.def Info: Lab4_files/figure-latex/unnamed-chunk-1-94.pdf  used o
n input line 1243.
(pdftex.def)             Requested size: 469.75386pt x 325.2142pt.
[94 <./Lab4_files/figure-latex/unnamed-chunk-1-93.pdf>]
<Lab4_files/figure-latex/unnamed-chunk-1-95.pdf, id=964, 469.755pt x 325.215pt>

File: Lab4_files/figure-latex/unnamed-chunk-1-95.pdf Graphic file (type pdf)
<use Lab4_files/figure-latex/unnamed-chunk-1-95.pdf>
Package pdftex.def Info: Lab4_files/figure-latex/unnamed-chunk-1-95.pdf  used o
n input line 1252.
(pdftex.def)             Requested size: 469.75386pt x 325.2142pt.
[95 <./Lab4_files/figure-latex/unnamed-chunk-1-94.pdf>]
<Lab4_files/figure-latex/unnamed-chunk-1-96.pdf, id=974, 469.755pt x 325.215pt>

File: Lab4_files/figure-latex/unnamed-chunk-1-96.pdf Graphic file (type pdf)
<use Lab4_files/figure-latex/unnamed-chunk-1-96.pdf>
Package pdftex.def Info: Lab4_files/figure-latex/unnamed-chunk-1-96.pdf  used o
n input line 1262.
(pdftex.def)             Requested size: 469.75386pt x 325.2142pt.
[96 <./Lab4_files/figure-latex/unnamed-chunk-1-95.pdf>]
<Lab4_files/figure-latex/unnamed-chunk-1-97.pdf, id=984, 469.755pt x 325.215pt>

File: Lab4_files/figure-latex/unnamed-chunk-1-97.pdf Graphic file (type pdf)
<use Lab4_files/figure-latex/unnamed-chunk-1-97.pdf>
Package pdftex.def Info: Lab4_files/figure-latex/unnamed-chunk-1-97.pdf  used o
n input line 1272.
(pdftex.def)             Requested size: 469.75386pt x 325.2142pt.
[97 <./Lab4_files/figure-latex/unnamed-chunk-1-96.pdf>]
<Lab4_files/figure-latex/unnamed-chunk-1-98.pdf, id=995, 469.755pt x 325.215pt>

File: Lab4_files/figure-latex/unnamed-chunk-1-98.pdf Graphic file (type pdf)
<use Lab4_files/figure-latex/unnamed-chunk-1-98.pdf>
Package pdftex.def Info: Lab4_files/figure-latex/unnamed-chunk-1-98.pdf  used o
n input line 1284.
(pdftex.def)             Requested size: 469.75386pt x 325.2142pt.

Underfull \hbox (badness 10000) in paragraph at lines 1284--1286
[][]
 []

[98 <./Lab4_files/figure-latex/unnamed-chunk-1-97.pdf>]
<Lab4_files/figure-latex/unnamed-chunk-2-1.pdf, id=1005, 469.755pt x 325.215pt>

File: Lab4_files/figure-latex/unnamed-chunk-2-1.pdf Graphic file (type pdf)
<use Lab4_files/figure-latex/unnamed-chunk-2-1.pdf>
Package pdftex.def Info: Lab4_files/figure-latex/unnamed-chunk-2-1.pdf  used on
 input line 1299.
(pdftex.def)             Requested size: 469.75386pt x 325.2142pt.
[99 <./Lab4_files/figure-latex/unnamed-chunk-1-98.pdf>]
<Lab4_files/figure-latex/unnamed-chunk-3-1.pdf, id=1015, 469.755pt x 325.215pt>

File: Lab4_files/figure-latex/unnamed-chunk-3-1.pdf Graphic file (type pdf)
<use Lab4_files/figure-latex/unnamed-chunk-3-1.pdf>
Package pdftex.def Info: Lab4_files/figure-latex/unnamed-chunk-3-1.pdf  used on
 input line 1313.
(pdftex.def)             Requested size: 469.75386pt x 325.2142pt.
[100 <./Lab4_files/figure-latex/unnamed-chunk-2-1.pdf>]
!pdfTeX error: pdflatex.exe (file ./Exercise_3_graph.png): reading image file f
ailed
 ==> Fatal error occurred, no output PDF file produced!
